<?xml version="1.0" encoding="UTF-8"?>
<testsuite name="MultipleSourcesTask7Tests" tests="1" skipped="0" failures="0" errors="0" timestamp="2023-01-13T22:37:14" hostname="DESKTOP-DTQF8LN" time="0.319">
  <properties/>
  <testcase name="testSolution()" classname="MultipleSourcesTask7Tests" time="0.319"/>
  <system-out><![CDATA[00:37:14.974 [Test worker] DEBUG reactor.util.Loggers - Using Slf4j logging framework
]]></system-out>
  <system-err><![CDATA[]]></system-err>
</testsuite>
