<?xml version="1.0" encoding="UTF-8"?>
<testsuite name="CPTask4Tests" tests="1" skipped="0" failures="0" errors="0" timestamp="2023-01-15T15:20:39" hostname="DESKTOP-DTQF8LN" time="0.528">
  <properties/>
  <testcase name="uploadTest()" classname="CPTask4Tests" time="0.528"/>
  <system-out><![CDATA[17:20:39.685 [Test worker] DEBUG reactor.util.Loggers - Using Slf4j logging framework
]]></system-out>
  <system-err><![CDATA[]]></system-err>
</testsuite>
