<?xml version="1.0" encoding="UTF-8"?>
<testsuite name="CommonOperatorsTask3Tests" tests="1" skipped="0" failures="0" errors="0" timestamp="2023-01-13T12:56:48" hostname="DESKTOP-DTQF8LN" time="0.253">
  <properties/>
  <testcase name="testSolution()" classname="CommonOperatorsTask3Tests" time="0.253"/>
  <system-out><![CDATA[14:56:48.364 [Test worker] DEBUG reactor.util.Loggers - Using Slf4j logging framework
]]></system-out>
  <system-err><![CDATA[]]></system-err>
</testsuite>
