<?xml version="1.0" encoding="UTF-8"?>
<testsuite name="MultithreadingOperatorsTask5Tests" tests="2" skipped="0" failures="0" errors="0" timestamp="2023-01-14T13:41:44" hostname="DESKTOP-DTQF8LN" time="1.79">
  <properties/>
  <testcase name="testSolution()" classname="MultithreadingOperatorsTask5Tests" time="0.735"/>
  <testcase name="testSolution1()" classname="MultithreadingOperatorsTask5Tests" time="1.053"/>
  <system-out><![CDATA[15:41:44.342 [Test worker] DEBUG reactor.util.Loggers - Using Slf4j logging framework
]]></system-out>
  <system-err><![CDATA[]]></system-err>
</testsuite>
