<?xml version="1.0" encoding="UTF-8"?>
<testsuite name="BackpressureTask4Tests" tests="1" skipped="0" failures="0" errors="0" timestamp="2023-01-14T16:34:39" hostname="DESKTOP-DTQF8LN" time="0.395">
  <properties/>
  <testcase name="testSolution()" classname="BackpressureTask4Tests" time="0.395"/>
  <system-out><![CDATA[18:34:39.906 [Test worker] DEBUG reactor.util.Loggers - Using Slf4j logging framework
18:34:40.157 [Test worker] DEBUG reactor.core.publisher.Operators - onNextDropped: TestStatistic{query='test0'}
18:34:40.158 [Test worker] DEBUG reactor.core.publisher.Operators - onNextDropped: TestStatistic{query='test4'}
]]></system-out>
  <system-err><![CDATA[]]></system-err>
</testsuite>
