<?xml version="1.0" encoding="UTF-8"?>
<testsuite name="ContextTask3Tests" tests="1" skipped="0" failures="0" errors="0" timestamp="2023-01-14T17:20:10" hostname="DESKTOP-DTQF8LN" time="0.384">
  <properties/>
  <testcase name="testSolution()" classname="ContextTask3Tests" time="0.384"/>
  <system-out><![CDATA[19:20:10.322 [Test worker] DEBUG reactor.util.Loggers - Using Slf4j logging framework
]]></system-out>
  <system-err><![CDATA[]]></system-err>
</testsuite>
