<?xml version="1.0" encoding="UTF-8"?>
<testsuite name="CommonOperatorsTask6Tests" tests="1" skipped="0" failures="0" errors="0" timestamp="2023-01-13T13:23:08" hostname="DESKTOP-DTQF8LN" time="0.243">
  <properties/>
  <testcase name="testSolution()" classname="CommonOperatorsTask6Tests" time="0.243"/>
  <system-out><![CDATA[15:23:09.072 [Test worker] DEBUG reactor.util.Loggers - Using Slf4j logging framework
]]></system-out>
  <system-err><![CDATA[]]></system-err>
</testsuite>
