<?xml version="1.0" encoding="UTF-8"?>
<testsuite name="BackpressureTask1Tests" tests="1" skipped="0" failures="0" errors="0" timestamp="2023-01-14T13:55:22" hostname="DESKTOP-DTQF8LN" time="0.282">
  <properties/>
  <testcase name="mergeSeveralSourcesTest()" classname="BackpressureTask1Tests" time="0.282"/>
  <system-out><![CDATA[15:55:23.028 [Test worker] DEBUG reactor.util.Loggers - Using Slf4j logging framework
15:55:23.058 [Test worker] DEBUG reactor.core.publisher.Hooks - Hooking new default : onErrorDropped
15:55:23.058 [Test worker] DEBUG reactor.core.publisher.Hooks - Hooking new default : onNextDropped
15:55:23.058 [Test worker] DEBUG reactor.core.publisher.Hooks - Hooking onOperatorError: reactor.test.DefaultStepVerifierBuilder$HookRecorder$$Lambda$369/0x0000000100259c08@6b44435b
15:55:23.074 [Test worker] DEBUG reactor.core.publisher.Hooks - Reset to factory defaults : onNextDropped
15:55:23.075 [Test worker] DEBUG reactor.core.publisher.Hooks - Reset to factory defaults : onErrorDropped
15:55:23.075 [Test worker] DEBUG reactor.core.publisher.Hooks - Reset to factory defaults : onOperatorError
]]></system-out>
  <system-err><![CDATA[]]></system-err>
</testsuite>
