<?xml version="1.0" encoding="UTF-8"?>
<testsuite name="CommonPublishersTask3Tests" tests="1" skipped="0" failures="0" errors="0" timestamp="2023-01-13T11:45:32" hostname="DESKTOP-DTQF8LN" time="0.997">
  <properties/>
  <testcase name="testSolution()" classname="CommonPublishersTask3Tests" time="0.997"/>
  <system-out><![CDATA[13:45:33.566 [Test worker] DEBUG reactor.util.Loggers - Using Slf4j logging framework
]]></system-out>
  <system-err><![CDATA[]]></system-err>
</testsuite>
