<?xml version="1.0" encoding="UTF-8"?>
<testsuite name="TestingTask2Tests" tests="1" skipped="0" failures="0" errors="0" timestamp="2023-01-13T16:23:30" hostname="DESKTOP-DTQF8LN" time="0.361">
  <properties/>
  <testcase name="testSolution()" classname="TestingTask2Tests" time="0.361"/>
  <system-out><![CDATA[18:23:30.682 [Thread-3] DEBUG reactor.util.Loggers - Using Slf4j logging framework
]]></system-out>
  <system-err><![CDATA[]]></system-err>
</testsuite>
