<?xml version="1.0" encoding="UTF-8"?>
<testsuite name="ContextTask2Tests" tests="1" skipped="0" failures="0" errors="0" timestamp="2023-01-14T16:57:40" hostname="DESKTOP-DTQF8LN" time="0.25">
  <properties/>
  <testcase name="testSolution()" classname="ContextTask2Tests" time="0.25"/>
  <system-out><![CDATA[18:57:40.179 [Test worker] DEBUG reactor.util.Loggers - Using Slf4j logging framework
]]></system-out>
  <system-err><![CDATA[]]></system-err>
</testsuite>
