<?xml version="1.0" encoding="UTF-8"?>
<testsuite name="CommonOperatorsTask4Tests" tests="1" skipped="0" failures="0" errors="0" timestamp="2023-01-13T13:13:54" hostname="DESKTOP-DTQF8LN" time="0.282">
  <properties/>
  <testcase name="testSolution()" classname="CommonOperatorsTask4Tests" time="0.282"/>
  <system-out><![CDATA[15:13:54.323 [Test worker] DEBUG reactor.util.Loggers - Using Slf4j logging framework
]]></system-out>
  <system-err><![CDATA[]]></system-err>
</testsuite>
