<?xml version="1.0" encoding="UTF-8"?>
<testsuite name="ContextTask1Tests" tests="1" skipped="0" failures="0" errors="0" timestamp="2023-01-14T16:53:18" hostname="DESKTOP-DTQF8LN" time="0.162">
  <properties/>
  <testcase name="testSolution()" classname="ContextTask1Tests" time="0.162"/>
  <system-out><![CDATA[18:53:18.598 [Test worker] DEBUG reactor.util.Loggers - Using Slf4j logging framework
]]></system-out>
  <system-err><![CDATA[]]></system-err>
</testsuite>
