<?xml version="1.0" encoding="UTF-8"?>
<testsuite name="MultipleSourcesTask4Tests" tests="1" skipped="0" failures="0" errors="0" timestamp="2023-01-13T18:50:48" hostname="DESKTOP-DTQF8LN" time="0.332">
  <properties/>
  <testcase name="testSolution()" classname="MultipleSourcesTask4Tests" time="0.332"/>
  <system-out><![CDATA[20:50:48.515 [Test worker] DEBUG reactor.util.Loggers - Using Slf4j logging framework
]]></system-out>
  <system-err><![CDATA[]]></system-err>
</testsuite>
