<?xml version="1.0" encoding="UTF-8"?>
<testsuite name="MultipleSourcesTask5Tests" tests="1" skipped="0" failures="0" errors="0" timestamp="2023-01-13T19:40:19" hostname="DESKTOP-DTQF8LN" time="0.416">
  <properties/>
  <testcase name="testSolution()" classname="MultipleSourcesTask5Tests" time="0.416"/>
  <system-out><![CDATA[21:40:19.878 [Test worker] DEBUG reactor.util.Loggers - Using Slf4j logging framework
]]></system-out>
  <system-err><![CDATA[]]></system-err>
</testsuite>
