<?xml version="1.0" encoding="UTF-8"?>
<testsuite name="CommonPublishersTask2Tests" tests="1" skipped="0" failures="0" errors="0" timestamp="2023-01-13T11:39:19" hostname="DESKTOP-DTQF8LN" time="1.838">
  <properties/>
  <testcase name="testSolution()" classname="CommonPublishersTask2Tests" time="1.838"/>
  <system-out><![CDATA[13:39:21.298 [Test worker] DEBUG reactor.util.Loggers - Using Slf4j logging framework
]]></system-out>
  <system-err><![CDATA[]]></system-err>
</testsuite>
