<?xml version="1.0" encoding="UTF-8"?>
<testsuite name="BackpressureTask3Tests" tests="1" skipped="0" failures="0" errors="0" timestamp="2023-01-14T16:19:55" hostname="DESKTOP-DTQF8LN" time="0.458">
  <properties/>
  <testcase name="testSolution()" classname="BackpressureTask3Tests" time="0.458"/>
  <system-out><![CDATA[18:19:55.906 [Test worker] DEBUG reactor.util.Loggers - Using Slf4j logging framework
]]></system-out>
  <system-err><![CDATA[]]></system-err>
</testsuite>
