<?xml version="1.0" encoding="UTF-8"?>
<testsuite name="CPTask2Tests" tests="1" skipped="0" failures="0" errors="0" timestamp="2023-01-15T14:28:33" hostname="DESKTOP-DTQF8LN" time="1.292">
  <properties/>
  <testcase name="findVideoTest()" classname="CPTask2Tests" time="1.292"/>
  <system-out><![CDATA[16:28:33.947 [Test worker] DEBUG reactor.util.Loggers - Using Slf4j logging framework
]]></system-out>
  <system-err><![CDATA[]]></system-err>
</testsuite>
