<?xml version="1.0" encoding="UTF-8"?>
<testsuite name="CommonOperatorsTask10Tests" tests="1" skipped="0" failures="0" errors="0" timestamp="2023-01-13T13:41:37" hostname="DESKTOP-DTQF8LN" time="0.496">
  <properties/>
  <testcase name="testSolution()" classname="CommonOperatorsTask10Tests" time="0.496"/>
  <system-out><![CDATA[15:41:37.497 [Test worker] DEBUG reactor.util.Loggers - Using Slf4j logging framework
]]></system-out>
  <system-err><![CDATA[]]></system-err>
</testsuite>
