<?xml version="1.0" encoding="UTF-8"?>
<testsuite name="HnSTask4Tests" tests="1" skipped="0" failures="0" errors="0" timestamp="2023-01-15T12:22:46" hostname="DESKTOP-DTQF8LN" time="0.268">
  <properties/>
  <testcase name="testSolution2()" classname="HnSTask4Tests" time="0.268"/>
  <system-out><![CDATA[14:22:46.423 [Test worker] DEBUG reactor.util.Loggers - Using Slf4j logging framework
14:22:46.427 [Test worker] DEBUG reactor.core.publisher.Hooks - Hooking onEachOperator: HnSTask4Tests$$Lambda$342/0x000000010021b938@497486b3
14:22:46.538 [Test worker] DEBUG reactor.core.publisher.Hooks - Reset to factory defaults : onEachOperator
]]></system-out>
  <system-err><![CDATA[]]></system-err>
</testsuite>
