<?xml version="1.0" encoding="UTF-8"?>
<testsuite name="MultipleSourcesTask1Tests" tests="1" skipped="0" failures="0" errors="0" timestamp="2023-01-13T17:44:36" hostname="DESKTOP-DTQF8LN" time="0.464">
  <properties/>
  <testcase name="mergeSeveralSourcesTest()" classname="MultipleSourcesTask1Tests" time="0.464"/>
  <system-out><![CDATA[19:44:36.509 [Test worker] DEBUG reactor.util.Loggers - Using Slf4j logging framework
]]></system-out>
  <system-err><![CDATA[]]></system-err>
</testsuite>
