<?xml version="1.0" encoding="UTF-8"?>
<testsuite name="MultipleSourcesTask6Tests" tests="1" skipped="0" failures="0" errors="0" timestamp="2023-01-13T19:58:45" hostname="DESKTOP-DTQF8LN" time="0.285">
  <properties/>
  <testcase name="testSolution()" classname="MultipleSourcesTask6Tests" time="0.285"/>
  <system-out><![CDATA[21:58:45.371 [Test worker] DEBUG reactor.util.Loggers - Using Slf4j logging framework
]]></system-out>
  <system-err><![CDATA[]]></system-err>
</testsuite>
