<?xml version="1.0" encoding="UTF-8"?>
<testsuite name="CPTask1Tests" tests="2" skipped="0" failures="0" errors="0" timestamp="2023-01-15T14:10:29" hostname="DESKTOP-DTQF8LN" time="1.068">
  <properties/>
  <testcase name="findUsersMostExpensivePurchaseTest()" classname="CPTask1Tests" time="1.061"/>
  <testcase name="retrievingTotalPriceTest()" classname="CPTask1Tests" time="0.006"/>
  <system-out><![CDATA[16:10:30.754 [Test worker] DEBUG reactor.util.Loggers - Using Slf4j logging framework
]]></system-out>
  <system-err><![CDATA[]]></system-err>
</testsuite>
