<?xml version="1.0" encoding="UTF-8"?>
<testsuite name="MultipleSourcesTask8Tests" tests="1" skipped="0" failures="0" errors="0" timestamp="2023-01-14T11:08:32" hostname="DESKTOP-DTQF8LN" time="0.37">
  <properties/>
  <testcase name="testSolution()" classname="MultipleSourcesTask8Tests" time="0.37"/>
  <system-out><![CDATA[13:08:32.386 [Test worker] DEBUG reactor.util.Loggers - Using Slf4j logging framework
]]></system-out>
  <system-err><![CDATA[]]></system-err>
</testsuite>
