<?xml version="1.0" encoding="UTF-8"?>
<testsuite name="CommonOperatorsTask2Tests" tests="1" skipped="0" failures="0" errors="0" timestamp="2023-01-13T12:37:51" hostname="DESKTOP-DTQF8LN" time="0.294">
  <properties/>
  <testcase name="testSolution()" classname="CommonOperatorsTask2Tests" time="0.294"/>
  <system-out><![CDATA[14:37:51.395 [Test worker] DEBUG reactor.util.Loggers - Using Slf4j logging framework
]]></system-out>
  <system-err><![CDATA[]]></system-err>
</testsuite>
