<?xml version="1.0" encoding="UTF-8"?>
<testsuite name="CommonPublishersTask6Tests" tests="2" skipped="0" failures="0" errors="0" timestamp="2023-01-13T12:20:08" hostname="DESKTOP-DTQF8LN" time="0.25">
  <properties/>
  <testcase name="testValid()" classname="CommonPublishersTask6Tests" time="0.245"/>
  <testcase name="testInvalid()" classname="CommonPublishersTask6Tests" time="0.003"/>
  <system-out><![CDATA[14:20:08.742 [Test worker] DEBUG reactor.util.Loggers - Using Slf4j logging framework
]]></system-out>
  <system-err><![CDATA[]]></system-err>
</testsuite>
