<?xml version="1.0" encoding="UTF-8"?>
<testsuite name="BackpressureTask5Tests" tests="1" skipped="0" failures="0" errors="0" timestamp="2023-01-14T16:47:39" hostname="DESKTOP-DTQF8LN" time="0.469">
  <properties/>
  <testcase name="testSolution()" classname="BackpressureTask5Tests" time="0.469"/>
  <system-out><![CDATA[18:47:40.025 [Test worker] DEBUG reactor.util.Loggers - Using Slf4j logging framework
]]></system-out>
  <system-err><![CDATA[]]></system-err>
</testsuite>
