<?xml version="1.0" encoding="UTF-8"?>
<testsuite name="ResilienceTask6Tests" tests="1" skipped="0" failures="0" errors="0" timestamp="2023-01-14T18:20:48" hostname="DESKTOP-DTQF8LN" time="0.261">
  <properties/>
  <testcase name="testSolution()" classname="ResilienceTask6Tests" time="0.261"/>
  <system-out><![CDATA[20:20:49.132 [Test worker] DEBUG reactor.util.Loggers - Using Slf4j logging framework
]]></system-out>
  <system-err><![CDATA[Thrown an error [java.lang.ArithmeticException: / by zero] on the following element [0]
]]></system-err>
</testsuite>
