<?xml version="1.0" encoding="UTF-8"?>
<testsuite name="CommonOperatorsTask9Tests" tests="1" skipped="0" failures="0" errors="0" timestamp="2023-01-13T13:32:34" hostname="DESKTOP-DTQF8LN" time="0.896">
  <properties/>
  <testcase name="testSolution()" classname="CommonOperatorsTask9Tests" time="0.896"/>
  <system-out><![CDATA[15:32:34.831 [Test worker] DEBUG reactor.util.Loggers - Using Slf4j logging framework
]]></system-out>
  <system-err><![CDATA[]]></system-err>
</testsuite>
