<?xml version="1.0" encoding="UTF-8"?>
<testsuite name="CommonPublishersTask5Tests" tests="1" skipped="0" failures="0" errors="0" timestamp="2023-01-13T11:57:22" hostname="DESKTOP-DTQF8LN" time="0.209">
  <properties/>
  <testcase name="testSolution()" classname="CommonPublishersTask5Tests" time="0.209"/>
  <system-out><![CDATA[13:57:22.248 [Test worker] DEBUG reactor.util.Loggers - Using Slf4j logging framework
]]></system-out>
  <system-err><![CDATA[]]></system-err>
</testsuite>
