<?xml version="1.0" encoding="UTF-8"?>
<testsuite name="MultipleSourcesTask2Tests" tests="1" skipped="0" failures="0" errors="0" timestamp="2023-01-13T18:19:08" hostname="DESKTOP-DTQF8LN" time="0.313">
  <properties/>
  <testcase name="testSolution()" classname="MultipleSourcesTask2Tests" time="0.313"/>
  <system-out><![CDATA[20:19:08.351 [Test worker] DEBUG reactor.util.Loggers - Using Slf4j logging framework
]]></system-out>
  <system-err><![CDATA[]]></system-err>
</testsuite>
