<?xml version="1.0" encoding="UTF-8"?>
<testsuite name="MultipleSourcesTask9Tests" tests="1" skipped="0" failures="0" errors="0" timestamp="2023-01-14T11:23:19" hostname="DESKTOP-DTQF8LN" time="0.39">
  <properties/>
  <testcase name="testSolution()" classname="MultipleSourcesTask9Tests" time="0.39"/>
  <system-out><![CDATA[13:23:19.854 [Test worker] DEBUG reactor.util.Loggers - Using Slf4j logging framework
]]></system-out>
  <system-err><![CDATA[]]></system-err>
</testsuite>
