<?xml version="1.0" encoding="UTF-8"?>
<testsuite name="ResilienceTask7Tests" tests="1" skipped="0" failures="0" errors="0" timestamp="2023-01-14T18:44:50" hostname="DESKTOP-DTQF8LN" time="0.391">
  <properties/>
  <testcase name="testSolution()" classname="ResilienceTask7Tests" time="0.391"/>
  <system-out><![CDATA[20:44:50.551 [Test worker] DEBUG reactor.util.Loggers - Using Slf4j logging framework
]]></system-out>
  <system-err><![CDATA[]]></system-err>
</testsuite>
