<?xml version="1.0" encoding="UTF-8"?>
<testsuite name="ResilienceTask4Tests" tests="1" skipped="0" failures="0" errors="0" timestamp="2023-01-14T18:06:31" hostname="DESKTOP-DTQF8LN" time="0.258">
  <properties/>
  <testcase name="testSolution()" classname="ResilienceTask4Tests" time="0.258"/>
  <system-out><![CDATA[20:06:31.341 [Test worker] DEBUG reactor.util.Loggers - Using Slf4j logging framework
]]></system-out>
  <system-err><![CDATA[]]></system-err>
</testsuite>
