<?xml version="1.0" encoding="UTF-8"?>
<testsuite name="CommonOperatorsTask11Tests" tests="1" skipped="0" failures="0" errors="0" timestamp="2023-01-13T14:02:55" hostname="DESKTOP-DTQF8LN" time="0.297">
  <properties/>
  <testcase name="testSolution()" classname="CommonOperatorsTask11Tests" time="0.297"/>
  <system-out><![CDATA[16:02:56.100 [Test worker] DEBUG reactor.util.Loggers - Using Slf4j logging framework
]]></system-out>
  <system-err><![CDATA[]]></system-err>
</testsuite>
