<?xml version="1.0" encoding="UTF-8"?>
<testsuite name="HnSTask3Tests" tests="1" skipped="0" failures="0" errors="0" timestamp="2023-01-15T12:21:11" hostname="DESKTOP-DTQF8LN" time="0.26">
  <properties/>
  <testcase name="testSolution()" classname="HnSTask3Tests" time="0.26"/>
  <system-out><![CDATA[14:21:11.868 [Test worker] DEBUG reactor.util.Loggers - Using Slf4j logging framework
]]></system-out>
  <system-err><![CDATA[]]></system-err>
</testsuite>
