<?xml version="1.0" encoding="UTF-8"?>
<testsuite name="CommonOperatorsTask5Tests" tests="1" skipped="0" failures="0" errors="0" timestamp="2023-01-13T13:20:03" hostname="DESKTOP-DTQF8LN" time="0.319">
  <properties/>
  <testcase name="testSolution()" classname="CommonOperatorsTask5Tests" time="0.319"/>
  <system-out><![CDATA[15:20:04.073 [Test worker] DEBUG reactor.util.Loggers - Using Slf4j logging framework
]]></system-out>
  <system-err><![CDATA[]]></system-err>
</testsuite>
