<?xml version="1.0" encoding="UTF-8"?>
<testsuite name="TestingTask3Tests" tests="1" skipped="0" failures="0" errors="0" timestamp="2023-01-13T17:24:26" hostname="DESKTOP-DTQF8LN" time="0.324">
  <properties/>
  <testcase name="testSolution()" classname="TestingTask3Tests" time="0.324"/>
  <system-out><![CDATA[19:24:26.356 [Test worker] DEBUG reactor.util.Loggers - Using Slf4j logging framework
]]></system-out>
  <system-err><![CDATA[]]></system-err>
</testsuite>
