<?xml version="1.0" encoding="UTF-8"?>
<testsuite name="ResilienceTask5Tests" tests="1" skipped="0" failures="0" errors="0" timestamp="2023-01-14T18:14:18" hostname="DESKTOP-DTQF8LN" time="1.371">
  <properties/>
  <testcase name="testSolution()" classname="ResilienceTask5Tests" time="1.371"/>
  <system-out><![CDATA[20:14:18.884 [Test worker] DEBUG reactor.util.Loggers - Using Slf4j logging framework
]]></system-out>
  <system-err><![CDATA[]]></system-err>
</testsuite>
