<?xml version="1.0" encoding="UTF-8"?>
<testsuite name="CPTask3Tests" tests="1" skipped="0" failures="0" errors="0" timestamp="2023-01-15T14:45:44" hostname="DESKTOP-DTQF8LN" time="8.814">
  <properties/>
  <testcase name="findVideoTest()" classname="CPTask3Tests" time="8.814"/>
  <system-out><![CDATA[16:45:44.390 [Test worker] DEBUG reactor.util.Loggers - Using Slf4j logging framework
]]></system-out>
  <system-err><![CDATA[]]></system-err>
</testsuite>
