<?xml version="1.0" encoding="UTF-8"?>
<testsuite name="CommonOperatorsTask7Tests" tests="1" skipped="0" failures="0" errors="0" timestamp="2023-01-13T13:24:49" hostname="DESKTOP-DTQF8LN" time="0.339">
  <properties/>
  <testcase name="testSolution()" classname="CommonOperatorsTask7Tests" time="0.339"/>
  <system-out><![CDATA[15:24:50.172 [Test worker] DEBUG reactor.util.Loggers - Using Slf4j logging framework
]]></system-out>
  <system-err><![CDATA[]]></system-err>
</testsuite>
