<?xml version="1.0" encoding="UTF-8"?>
<testsuite name="CommonOperatorsTask8Tests" tests="1" skipped="0" failures="0" errors="0" timestamp="2023-01-13T13:27:20" hostname="DESKTOP-DTQF8LN" time="0.328">
  <properties/>
  <testcase name="testSolution()" classname="CommonOperatorsTask8Tests" time="0.328"/>
  <system-out><![CDATA[15:27:20.847 [Test worker] DEBUG reactor.util.Loggers - Using Slf4j logging framework
]]></system-out>
  <system-err><![CDATA[]]></system-err>
</testsuite>
