<?xml version="1.0" encoding="UTF-8"?>
<testsuite name="MultithreadingOperatorsTask2Tests" tests="1" skipped="0" failures="0" errors="0" timestamp="2023-01-14T12:09:06" hostname="DESKTOP-DTQF8LN" time="0.271">
  <properties/>
  <testcase name="testSolution()" classname="MultithreadingOperatorsTask2Tests" time="0.271"/>
  <system-out><![CDATA[14:09:06.485 [Test worker] DEBUG reactor.util.Loggers - Using Slf4j logging framework
Threads:single-1
]]></system-out>
  <system-err><![CDATA[]]></system-err>
</testsuite>
