<?xml version="1.0" encoding="UTF-8"?>
<testsuite name="CommonPublishersTask10Tests" tests="2" skipped="0" failures="0" errors="0" timestamp="2023-01-13T12:27:22" hostname="DESKTOP-DTQF8LN" time="0.382">
  <properties/>
  <testcase name="testSolution()" classname="CommonPublishersTask10Tests" time="0.355"/>
  <testcase name="testSolution1()" classname="CommonPublishersTask10Tests" time="0.025"/>
  <system-out><![CDATA[14:27:22.463 [Test worker] DEBUG reactor.util.Loggers - Using Slf4j logging framework
]]></system-out>
  <system-err><![CDATA[]]></system-err>
</testsuite>
